*** Using Compiler 'V5.06 update 7 (build 960)', folder: 'C:\Keil_v5\ARM\ARM_Compiler_5.06u7\Bin'
Rebuild target 'myclock_keil'
assembling startup_stm32f103xb.s...
compiling spi.c...
compiling dma.c...
compiling tim.c...
compiling usart.c...
compiling adc.c...
compiling gpio.c...
compiling i2c.c...
compiling main.c...
compiling stm32f1xx_hal.c...
compiling stm32f1xx_hal_rcc_ex.c...
compiling stm32f1xx_hal_gpio_ex.c...
compiling stm32f1xx_hal_msp.c...
compiling stm32f1xx_hal_adc_ex.c...
compiling stm32f1xx_hal_adc.c...
compiling stm32f1xx_it.c...
compiling stm32f1xx_hal_rcc.c...
compiling stm32f1xx_hal_exti.c...
compiling stm32f1xx_hal_flash_ex.c...
compiling stm32f1xx_hal_flash.c...
compiling stm32f1xx_hal_dma.c...
compiling stm32f1xx_hal_cortex.c...
compiling stm32f1xx_hal_pwr.c...
compiling stm32f1xx_hal_gpio.c...
compiling stm32f1xx_hal_i2c.c...
compiling system_stm32f1xx.c...
compiling stm32f1xx_hal_uart.c...
compiling stm32f1xx_hal_spi.c...
compiling ds18b20.c...
compiling ds18b20_task.c...
compiling stm32f1xx_hal_tim_ex.c...
compiling GUI.c...
compiling stm32f1xx_hal_tim.c...
compiling Lcd_Driver.c...
compiling SD3078_rtc.c...
compiling Thermometer.c...
compiling SD3078_rtc_task.c...
..\BSP\SD3078_rtc_task.c(1029): warning:  #188-D: enumerated type mixed with another type
  					  SetFreq(enable, F_0Hz+_ps);  //Set value as display
..\BSP\SD3078_rtc_task.c: 1 warning, 0 errors
linking...
Program Size: Code=39410 RO-data=10478 RW-data=204 ZI-data=2964  
FromELF: creating hex file...
"myclock_keil\myclock_keil.axf" - 0 Error(s), 1 Warning(s).
Build Time Elapsed:  00:00:23
